2025-06-27 02:54:20,076 127.0.0.1 GET / 404
2025-06-27 02:54:20,437 127.0.0.1 GET /favicon.ico 404
2025-06-27 02:54:32,242 127.0.0.1 GET /api/users/login/ 405
2025-06-27 02:54:41,440 127.0.0.1 POST /api/users/login/ 401
2025-06-27 04:47:10,099 127.0.0.1 POST /api/transcribe-audio/ 401
2025-06-27 04:47:10,119 127.0.0.1 POST /api/users/token/refresh/ 401
2025-06-27 04:47:10,131 127.0.0.1 POST /api/chat/ 401
2025-06-27 04:47:10,141 127.0.0.1 POST /api/users/token/refresh/ 401
2025-06-27 04:48:24,117 127.0.0.1 POST /api/users/login/ 401
2025-06-27 04:49:43,122 127.0.0.1 POST /api/transcribe-audio/ 401
2025-06-27 04:49:43,247 127.0.0.1 POST /api/chat/ 401
2025-06-27 04:51:06,573 127.0.0.1 POST /api/transcribe-audio/ 401
2025-06-27 04:51:06,593 127.0.0.1 POST /api/chat/ 401
2025-06-27 09:17:48,649 127.0.0.1 POST /api/users/login 500
2025-06-27 09:18:22,906 127.0.0.1 POST /api/users/login/ 401
2025-06-27 09:18:39,819 127.0.0.1 GET /api/users/register/ 405
2025-06-27 09:18:43,718 127.0.0.1 POST /api/users/register/ 201
2025-06-27 09:18:48,473 127.0.0.1 POST /api/users/login/ 200
2025-06-27 09:20:05,388 127.0.0.1 GET /api/token/refresh/ 404
2025-06-27 09:20:47,337 127.0.0.1 GET /api/users/token/refresh/ 405
2025-06-27 09:20:52,020 127.0.0.1 POST /api/users/token/refresh/ 200
2025-06-27 09:23:54,598 127.0.0.1 POST /api/users/token/refresh/ 401
2025-06-27 09:24:09,557 127.0.0.1 POST /api/users/login/ 200
2025-06-27 09:25:48,137 127.0.0.1 POST /api/users/token/refresh/ 200
2025-06-27 09:25:49,795 127.0.0.1 POST /api/users/token/refresh/ 401
2025-06-27 09:40:41,133 127.0.0.1 POST /api/users/login/ 200
2025-06-27 09:46:17,457 127.0.0.1 POST /api/users/login/ 200
2025-06-27 09:47:13,627 127.0.0.1 POST /api/transcribe-audio/ 200
2025-06-27 09:47:15,201 127.0.0.1 POST /api/chat/ 500
2025-06-27 09:47:19,961 127.0.0.1 POST /api/transcribe-audio/ 401
2025-06-27 09:47:19,996 127.0.0.1 POST /api/users/token/refresh/ 200
2025-06-27 09:47:21,197 127.0.0.1 POST /api/transcribe-audio/ 200
2025-06-27 09:47:22,027 127.0.0.1 POST /api/chat/ 500
2025-06-27 09:49:03,356 127.0.0.1 POST /api/transcribe-audio/ 401
2025-06-27 09:49:03,390 127.0.0.1 POST /api/users/token/refresh/ 200
2025-06-27 09:49:05,639 127.0.0.1 POST /api/transcribe-audio/ 200
2025-06-27 09:49:07,034 127.0.0.1 POST /api/chat/ 500
2025-06-27 09:50:24,125 127.0.0.1 POST /api/transcribe-audio/ 401
2025-06-27 09:50:24,170 127.0.0.1 POST /api/users/token/refresh/ 200
2025-06-27 09:50:28,214 127.0.0.1 POST /api/transcribe-audio/ 200
2025-06-27 09:50:29,732 127.0.0.1 POST /api/chat/ 500
2025-06-27 09:53:43,960 INFO 
2025-06-27 09:53:43,960 WARNING Unauthorized: /api/transcribe-audio/
2025-06-27 09:53:43,994 INFO 
2025-06-27 09:53:47,588 INFO 
2025-06-27 09:53:49,076 INFO 
2025-06-27 09:53:49,076 ERROR Internal Server Error: /api/chat/
2025-06-27 09:56:05,305 INFO 
2025-06-27 09:56:05,305 WARNING Unauthorized: /api/chat/
2025-06-27 09:56:19,090 INFO 
2025-06-27 09:56:32,083 INFO 
2025-06-27 09:56:32,083 ERROR Internal Server Error: /api/chat/
2025-06-27 09:59:57,249 INFO 
2025-06-27 10:00:09,547 INFO 
2025-06-27 10:00:09,547 ERROR Internal Server Error: /api/chat/
2025-06-27 10:00:58,860 INFO 
2025-06-27 10:00:58,861 WARNING Unauthorized: /api/chat/
2025-06-27 10:01:03,368 INFO 
2025-06-27 10:01:13,329 INFO 
2025-06-27 10:01:13,330 ERROR Internal Server Error: /api/chat/
2025-06-27 10:04:14,420 INFO 
2025-06-27 10:04:33,900 INFO 
2025-06-27 10:04:33,902 ERROR Internal Server Error: /api/chat/
2025-06-27 10:13:33,801 INFO 
2025-06-27 10:13:48,053 INFO 
2025-06-27 10:13:48,053 ERROR Internal Server Error: /api/chat/
2025-06-27 10:16:39,104 INFO 
2025-06-27 10:16:57,840 INFO 
2025-06-27 10:16:57,840 ERROR Internal Server Error: /api/chat/
2025-06-27 10:20:01,452 INFO 
2025-06-27 10:20:44,510 INFO 
2025-06-27 10:22:05,913 INFO 
2025-06-27 10:22:15,569 INFO 
2025-06-27 10:22:45,749 INFO 
2025-06-27 10:23:41,577 INFO 
2025-06-27 10:23:41,578 WARNING Unauthorized: /api/transcribe-audio/
2025-06-27 10:23:41,621 INFO 
2025-06-27 10:23:49,598 INFO 
2025-06-27 10:23:54,438 INFO 
2025-06-27 10:25:13,146 INFO 
2025-06-27 10:25:13,147 WARNING Unauthorized: /api/transcribe-audio/
2025-06-27 10:25:13,180 INFO 
2025-06-27 10:25:15,812 INFO 
2025-06-27 10:25:19,900 INFO 
2025-06-27 10:25:39,540 INFO 
2025-06-27 10:25:39,540 WARNING Unauthorized: /api/chat-history/
2025-06-27 10:25:49,660 INFO 
2025-06-27 10:26:16,841 INFO 
2025-06-27 10:34:26,541 INFO 
2025-06-27 10:35:51,734 INFO 
2025-06-27 10:35:51,734 WARNING Unauthorized: /api/transcribe-audio/
2025-06-27 10:35:52,016 INFO 
2025-06-27 10:35:55,083 INFO 
2025-06-27 10:36:12,921 INFO 
2025-06-27 10:37:01,511 INFO 
2025-06-27 10:37:25,840 INFO 
2025-06-27 10:38:40,313 INFO 
2025-06-27 10:39:38,071 INFO 
2025-06-27 10:45:44,340 INFO 
2025-06-27 10:46:27,352 INFO 
2025-06-27 10:46:32,235 INFO 
2025-06-27 10:47:47,901 INFO 
2025-06-27 10:47:47,902 WARNING Unauthorized: /api/transcribe-audio/
2025-06-27 10:47:47,934 INFO 
2025-06-27 10:47:58,239 INFO 
2025-06-27 10:48:06,053 INFO 
2025-06-27 10:48:06,054 ERROR Internal Server Error: /api/chat/
2025-06-27 10:57:54,328 INFO 
2025-06-27 10:58:06,481 INFO 
2025-06-27 10:58:06,481 ERROR Internal Server Error: /api/chat/
2025-06-27 10:58:22,758 INFO 
2025-06-27 10:58:22,758 ERROR Internal Server Error: /api/chat/
2025-06-27 10:59:11,064 INFO 
2025-06-27 11:00:01,186 INFO 
2025-06-27 11:01:51,035 ERROR Internal Server Error: /api/chat/
2025-06-27 11:04:58,273 ERROR Internal Server Error: /api/chat/
2025-06-27 11:06:26,794 ERROR Internal Server Error: /api/chat/
2025-06-27 11:18:34,009 WARNING Unauthorized: /api/chat/
2025-06-27 11:20:25,569 WARNING Unauthorized: /api/transcribe-audio/
2025-06-27 11:23:08,443 WARNING Unauthorized: /api/transcribe-audio/
2025-06-27 11:27:03,188 WARNING Unauthorized: /api/transcribe-audio/
2025-06-27 11:27:12,943 ERROR Internal Server Error: /api/chat/
2025-06-27 11:28:34,291 WARNING Unauthorized: /api/transcribe-audio/
2025-06-27 11:30:04,481 WARNING Unauthorized: /api/transcribe-audio/
2025-06-27 11:30:19,957 ERROR Internal Server Error: /api/chat/
2025-06-27 11:31:43,251 WARNING Unauthorized: /api/transcribe-audio/
2025-06-27 11:34:53,133 WARNING Unauthorized: /api/transcribe-audio/
2025-06-27 11:36:53,273 WARNING Unauthorized: /api/transcribe-audio/
2025-06-27 11:39:02,873 WARNING Unauthorized: /api/transcribe-audio/
2025-06-27 11:40:11,665 WARNING Unauthorized: /api/transcribe-audio/
2025-06-27 11:41:19,191 WARNING Unauthorized: /api/transcribe-audio/
2025-06-27 11:41:31,452 ERROR Internal Server Error: /api/chat/
2025-06-27 11:42:19,867 WARNING Unauthorized: /api/chat/
2025-06-27 11:42:28,482 ERROR Internal Server Error: /api/chat/
2025-06-27 11:44:51,593 WARNING Unauthorized: /api/transcribe-audio/
2025-06-27 11:47:33,621 WARNING Unauthorized: /api/transcribe-audio/
2025-06-27 11:47:43,144 ERROR Internal Server Error: /api/chat/
2025-06-27 11:49:22,967 WARNING Unauthorized: /api/transcribe-audio/
2025-06-27 11:49:32,054 ERROR Internal Server Error: /api/chat/
2025-06-27 11:51:33,194 WARNING Unauthorized: /api/transcribe-audio/
2025-06-27 11:51:42,842 ERROR Internal Server Error: /api/chat/
2025-06-27 11:54:09,156 WARNING Unauthorized: /api/transcribe-audio/
2025-06-27 11:54:15,609 ERROR Internal Server Error: /api/chat/
2025-06-27 12:01:23,991 ERROR Internal Server Error: /api/chat/
2025-06-27 12:01:46,189 ERROR Internal Server Error: /api/chat/
2025-06-27 12:04:25,167 INFO 
2025-06-27 12:04:38,584 INFO 
2025-06-27 12:04:38,585 ERROR Internal Server Error: /api/chat/
2025-06-27 12:08:08,223 INFO 
2025-06-27 12:08:18,950 INFO 
2025-06-27 12:08:18,952 ERROR Internal Server Error: /api/chat/
2025-06-27 12:11:38,470 INFO 
2025-06-27 12:11:50,211 INFO 
2025-06-27 12:11:50,211 ERROR Internal Server Error: /api/chat/
2025-06-27 12:12:47,288 INFO 
2025-06-27 12:12:58,145 INFO 
2025-06-27 12:12:58,146 ERROR Internal Server Error: /api/chat/
2025-06-27 12:14:44,110 INFO 
2025-06-27 12:14:58,102 INFO 
2025-06-27 12:14:58,102 ERROR Internal Server Error: /api/chat/
2025-06-27 12:16:46,945 INFO 
2025-06-27 12:16:59,085 INFO 
2025-06-27 12:16:59,086 ERROR Internal Server Error: /api/chat/
2025-06-27 12:19:11,851 INFO 
2025-06-27 12:19:22,957 INFO 
2025-06-27 12:19:55,968 INFO 
2025-06-27 12:21:07,538 INFO 
2025-06-27 12:21:24,768 INFO 
2025-06-27 12:21:24,769 ERROR Internal Server Error: /api/chat/
2025-06-27 12:48:53,952 INFO 
2025-06-27 12:49:09,960 INFO 
2025-06-27 12:49:42,646 INFO 
2025-06-27 12:51:00,208 INFO 
2025-06-27 12:53:13,096 INFO 
2025-06-27 12:53:13,096 WARNING Unauthorized: /api/transcribe-audio/
2025-06-27 12:53:13,129 INFO 
2025-06-27 12:53:16,510 INFO 
2025-06-27 12:53:25,055 INFO 
2025-06-27 12:54:40,684 INFO 
2025-06-27 12:54:40,685 WARNING Unauthorized: /api/transcribe-audio/
2025-06-27 12:54:40,722 INFO 
2025-06-27 12:54:43,171 INFO 
2025-06-27 12:54:52,316 INFO 
2025-06-27 12:57:27,245 INFO 
2025-06-27 12:57:27,245 WARNING Unauthorized: /api/transcribe-audio/
2025-06-27 12:57:27,277 INFO 
2025-06-27 12:57:30,699 INFO 
2025-06-27 12:57:37,136 INFO 
2025-06-27 12:58:37,247 INFO 
2025-06-27 12:58:37,247 WARNING Unauthorized: /api/transcribe-audio/
2025-06-27 12:58:37,291 INFO 
2025-06-27 12:58:42,414 INFO 
2025-06-27 12:58:50,508 INFO 
2025-06-27 13:07:29,586 INFO 
2025-06-27 13:07:29,587 WARNING Unauthorized: /api/transcribe-audio/
2025-06-27 13:07:29,621 INFO 
2025-06-27 13:07:36,942 INFO 
2025-06-27 13:07:42,642 INFO 
2025-06-27 13:08:25,172 INFO 
2025-06-27 13:08:28,050 INFO 
2025-06-27 13:09:33,615 INFO 
2025-06-27 13:09:33,616 WARNING Unauthorized: /api/transcribe-audio/
2025-06-27 13:09:33,649 INFO 
2025-06-27 13:09:36,274 INFO 
2025-06-27 13:09:39,362 INFO 
2025-06-27 13:10:53,321 INFO 
2025-06-27 13:10:53,321 WARNING Unauthorized: /api/transcribe-audio/
2025-06-27 13:10:53,352 INFO 
2025-06-27 13:10:55,312 INFO 
2025-06-27 13:10:58,338 INFO 
2025-06-27 13:13:02,134 INFO 
2025-06-27 13:13:02,135 WARNING Unauthorized: /api/transcribe-audio/
2025-06-27 13:13:02,167 INFO 
2025-06-27 13:13:03,333 INFO 
2025-06-27 13:13:05,558 INFO 
2025-06-27 13:13:43,314 INFO 
2025-06-27 13:14:03,809 INFO 
2025-06-28 05:51:13,909 INFO 
2025-06-28 05:51:41,982 INFO 
2025-06-28 05:51:41,983 ERROR Internal Server Error: /api/chat/
2025-06-28 05:53:03,708 INFO 
2025-06-28 05:53:23,811 INFO 
2025-06-28 06:06:38,446 INFO 
2025-06-28 06:07:43,720 INFO 
2025-06-28 06:09:18,582 INFO 
2025-06-28 06:12:07,854 INFO 
2025-06-28 06:13:06,469 INFO 
2025-06-28 06:16:57,470 INFO 
2025-06-28 06:29:42,995 INFO 
2025-06-28 06:29:53,809 INFO 
2025-06-28 06:30:04,670 INFO 
2025-06-28 06:30:15,499 INFO 
2025-06-28 06:32:13,166 INFO 
2025-06-28 06:32:23,956 INFO 
2025-06-28 06:32:34,744 INFO 
2025-06-28 06:32:45,536 INFO 
2025-06-28 06:32:56,410 INFO 
2025-06-28 06:33:07,192 INFO 
2025-06-28 06:35:09,935 INFO 
2025-06-28 06:35:20,746 INFO 
2025-06-28 06:35:31,552 INFO 
2025-06-28 06:35:42,317 INFO 
2025-06-28 06:43:59,893 INFO 
2025-06-28 06:46:11,525 INFO 
2025-06-28 06:46:11,525 WARNING Unauthorized: /api/users/login/
2025-06-28 06:51:22,877 INFO 
2025-06-28 07:06:15,921 INFO 
2025-06-28 07:07:36,613 INFO 
2025-06-28 14:24:33,917 INFO 
2025-06-28 14:24:33,918 WARNING Not Found: /
2025-06-28 14:24:34,126 INFO 
2025-06-28 14:24:34,127 WARNING Not Found: /favicon.ico
2025-06-28 14:24:49,063 INFO 
2025-06-28 14:24:49,438 INFO 
2025-06-28 14:24:49,439 WARNING Method Not Allowed: /api/users/login/
2025-06-30 04:12:51,010 INFO 
2025-06-30 04:19:34,590 INFO 
2025-06-30 04:26:41,266 INFO 
2025-06-30 04:28:02,494 INFO 
2025-06-30 04:36:47,693 INFO 
2025-06-30 04:40:33,885 INFO 
2025-06-30 04:56:19,176 INFO 
2025-06-30 05:01:47,763 INFO 
2025-06-30 05:06:13,825 INFO 
2025-06-30 05:51:52,368 INFO 
2025-06-30 05:54:18,046 INFO 
2025-06-30 06:03:46,689 INFO 
2025-06-30 06:48:23,664 INFO 
2025-06-30 06:52:35,505 INFO 
2025-06-30 06:54:18,560 INFO 
2025-06-30 07:04:23,386 INFO 
2025-06-30 07:13:07,246 INFO 
2025-06-30 07:21:20,345 INFO 
2025-06-30 07:55:59,584 INFO 
2025-06-30 08:01:24,983 INFO 
2025-06-30 08:05:54,390 INFO 
2025-06-30 08:54:15,156 INFO 
2025-06-30 09:27:28,810 INFO 
2025-06-30 09:43:41,676 INFO 
2025-06-30 10:20:12,388 INFO 
2025-06-30 14:25:39,100 INFO 
2025-06-30 14:33:35,342 INFO 
2025-06-30 14:34:38,817 INFO 
2025-06-30 14:34:38,817 WARNING Unauthorized: /api/transcribe-audio/
2025-06-30 14:36:28,400 INFO 
2025-06-30 14:36:28,401 WARNING Unauthorized: /api/transcribe-audio/
2025-06-30 14:44:02,866 INFO 
2025-06-30 14:45:24,089 INFO 
2025-06-30 14:45:24,090 WARNING Unauthorized: /api/transcribe-audio/
2025-06-30 14:45:24,136 INFO 
2025-06-30 14:48:24,081 INFO 
2025-06-30 14:49:52,433 INFO 
2025-06-30 14:49:52,433 WARNING Unauthorized: /api/transcribe-audio/
2025-06-30 14:49:52,481 INFO 
2025-06-30 14:49:57,187 INFO 
2025-06-30 14:50:03,165 INFO 
2025-06-30 14:51:44,474 INFO 
2025-06-30 14:51:44,474 WARNING Unauthorized: /api/transcribe-audio/
2025-06-30 14:51:44,504 INFO 
2025-06-30 14:51:46,467 INFO 
2025-06-30 14:51:49,141 INFO 
2025-06-30 14:52:45,029 INFO 
2025-06-30 14:52:45,029 WARNING Unauthorized: /api/transcribe-audio/
2025-06-30 14:52:45,067 INFO 
2025-06-30 14:52:47,388 INFO 
2025-06-30 14:52:49,878 INFO 
2025-06-30 14:53:38,328 INFO 
2025-06-30 14:53:40,589 INFO 
2025-06-30 14:54:13,919 INFO 
2025-06-30 14:54:13,920 WARNING Unauthorized: /api/transcribe-audio/
2025-06-30 14:54:13,950 INFO 
2025-06-30 14:54:23,214 INFO 
2025-06-30 14:54:25,553 INFO 
2025-06-30 14:55:18,545 INFO 
2025-06-30 14:55:18,545 WARNING Unauthorized: /api/transcribe-audio/
2025-06-30 14:55:18,577 INFO 
2025-06-30 14:55:27,826 INFO 
2025-06-30 14:55:30,246 INFO 
2025-06-30 14:56:12,821 INFO 
2025-06-30 14:56:14,971 INFO 
2025-06-30 14:56:58,412 INFO 
2025-06-30 14:56:58,413 WARNING Unauthorized: /api/transcribe-audio/
2025-06-30 14:56:58,444 INFO 
2025-06-30 14:57:01,146 INFO 
2025-06-30 14:57:03,566 INFO 
2025-06-30 14:58:44,862 INFO 
2025-06-30 14:58:44,862 WARNING Unauthorized: /api/transcribe-audio/
2025-06-30 14:58:44,893 INFO 
2025-06-30 14:58:53,758 INFO 
2025-06-30 14:58:56,875 INFO 
2025-06-30 14:59:39,836 INFO 
2025-06-30 14:59:42,950 INFO 
2025-06-30 15:47:10,574 INFO 
2025-06-30 15:48:30,782 INFO 
2025-06-30 15:48:30,782 WARNING Unauthorized: /api/transcribe-audio/
2025-06-30 15:48:30,816 INFO 
2025-06-30 15:48:32,506 INFO 
2025-06-30 15:48:36,780 INFO 
2025-06-30 15:49:16,725 INFO 
2025-06-30 15:49:19,214 INFO 
2025-06-30 15:49:42,821 INFO 
2025-06-30 15:49:42,821 WARNING Unauthorized: /api/transcribe-audio/
2025-06-30 15:49:42,854 INFO 
2025-06-30 15:49:45,398 INFO 
2025-06-30 15:49:49,041 INFO 
2025-06-30 15:50:53,998 INFO 
2025-06-30 15:50:53,999 WARNING Unauthorized: /api/transcribe-audio/
2025-06-30 15:50:54,031 INFO 
2025-06-30 15:50:59,627 INFO 
2025-06-30 15:51:03,299 INFO 
2025-07-01 14:40:47,786 INFO 
2025-07-01 14:41:51,555 INFO 
2025-07-01 14:41:51,555 WARNING Unauthorized: /api/transcribe-audio/
2025-07-01 14:41:51,585 INFO 
2025-07-01 14:41:55,113 INFO 
2025-07-01 14:42:00,683 INFO 
2025-07-01 14:42:45,790 INFO 
2025-07-01 14:42:48,321 INFO 
2025-07-01 14:43:40,802 INFO 
2025-07-01 14:43:40,802 WARNING Unauthorized: /api/transcribe-audio/
2025-07-01 14:43:40,833 INFO 
2025-07-01 14:43:42,919 INFO 
2025-07-01 14:43:45,456 INFO 
2025-07-01 14:44:20,064 INFO 
2025-07-01 14:44:22,720 INFO 
2025-07-01 14:45:07,010 INFO 
2025-07-01 14:45:07,011 WARNING Unauthorized: /api/transcribe-audio/
2025-07-01 14:45:07,043 INFO 
2025-07-01 14:45:14,820 INFO 
2025-07-01 14:45:18,262 INFO 
2025-07-01 14:46:08,342 INFO 
2025-07-01 14:46:08,342 WARNING Unauthorized: /api/transcribe-audio/
2025-07-01 14:46:08,374 INFO 
2025-07-01 14:46:44,059 INFO 
2025-07-01 14:46:46,912 INFO 
2025-07-01 14:47:40,194 INFO 
2025-07-01 14:47:40,194 WARNING Unauthorized: /api/transcribe-audio/
2025-07-01 14:47:40,226 INFO 
2025-07-01 14:47:42,251 INFO 
2025-07-01 14:47:45,176 INFO 
2025-07-01 14:48:53,429 INFO 
2025-07-01 14:48:53,429 WARNING Unauthorized: /api/transcribe-audio/
2025-07-01 14:48:53,460 INFO 
2025-07-01 14:49:27,423 INFO 
2025-07-01 14:49:31,649 INFO 
2025-07-01 14:51:22,818 INFO 
2025-07-01 14:51:22,818 WARNING Unauthorized: /api/transcribe-audio/
2025-07-01 14:51:22,851 INFO 
2025-07-01 14:51:24,662 INFO 
2025-07-01 14:51:28,041 INFO 
2025-07-01 14:52:20,195 INFO 
2025-07-01 14:52:22,359 INFO 
2025-07-01 14:53:05,373 INFO 
2025-07-01 14:53:05,373 WARNING Unauthorized: /api/transcribe-audio/
2025-07-01 14:53:05,404 INFO 
2025-07-01 14:53:07,970 INFO 
2025-07-01 14:53:10,588 INFO 
2025-07-01 14:53:56,299 INFO 
2025-07-01 14:53:58,485 INFO 
2025-07-01 14:55:03,710 INFO 
2025-07-01 14:55:03,710 WARNING Unauthorized: /api/transcribe-audio/
2025-07-01 14:55:03,739 INFO 
2025-07-01 14:55:07,750 INFO 
2025-07-01 14:55:10,078 INFO 
2025-07-01 14:55:56,424 INFO 
2025-07-01 14:56:00,736 INFO 
2025-07-01 14:56:51,105 INFO 
2025-07-01 14:56:51,106 WARNING Unauthorized: /api/transcribe-audio/
2025-07-01 14:56:51,149 INFO 
2025-07-01 14:56:54,406 INFO 
2025-07-01 14:56:58,713 INFO 
2025-07-01 14:57:42,621 INFO 
2025-07-01 14:57:44,957 INFO 
2025-07-01 15:04:32,853 INFO 
2025-07-01 15:05:52,645 INFO 
2025-07-01 15:05:52,646 WARNING Unauthorized: /api/transcribe-audio/
2025-07-01 15:05:52,680 INFO 
2025-07-01 15:05:54,012 INFO 
2025-07-01 15:05:56,681 INFO 
2025-07-01 15:07:28,740 INFO 
2025-07-01 15:07:28,741 WARNING Unauthorized: /api/transcribe-audio/
2025-07-01 15:07:28,772 INFO 
2025-07-01 15:07:37,140 INFO 
2025-07-01 15:07:40,809 INFO 
2025-07-02 14:22:41,728 INFO 
2025-07-02 14:23:38,054 INFO 
2025-07-02 14:23:59,249 INFO 
2025-07-02 14:25:28,598 INFO 
2025-07-02 14:26:31,464 INFO 
2025-07-02 14:26:31,465 WARNING Unauthorized: /api/transcribe-audio/
2025-07-02 14:26:31,503 INFO 
2025-07-02 14:26:33,582 INFO 
2025-07-02 14:26:37,654 INFO 
2025-07-02 14:27:07,051 INFO 
2025-07-02 14:27:30,047 INFO 
2025-07-02 14:33:08,288 INFO 
2025-07-02 14:33:33,287 INFO 
2025-07-02 14:34:03,289 INFO 
2025-07-02 14:36:24,684 INFO 
2025-07-02 14:51:30,688 INFO 
2025-07-02 14:51:30,688 WARNING Unauthorized: /api/transcribe-audio/
2025-07-02 14:51:30,723 INFO 
2025-07-02 14:51:33,330 INFO 
2025-07-02 14:51:35,662 INFO 
2025-07-02 14:54:36,780 INFO 
2025-07-02 14:54:36,780 WARNING Unauthorized: /api/transcribe-audio/
2025-07-02 14:54:36,813 INFO 
2025-07-02 14:54:42,440 INFO 
2025-07-02 14:54:44,696 INFO 
2025-07-02 14:55:57,480 INFO 
2025-07-02 14:55:57,480 WARNING Unauthorized: /api/transcribe-audio/
2025-07-02 14:55:57,512 INFO 
2025-07-02 14:55:59,634 INFO 
2025-07-02 14:56:01,773 INFO 
2025-07-02 14:56:57,012 INFO 
2025-07-02 14:56:57,034 INFO 
2025-07-02 14:56:57,035 WARNING Unauthorized: /api/chat/
2025-07-02 14:56:57,074 INFO 
2025-07-02 14:56:59,511 INFO 
2025-07-02 14:57:24,286 INFO 
2025-07-02 14:57:38,943 INFO 
2025-07-02 14:58:07,996 INFO 
2025-07-02 15:10:27,825 INFO 
2025-07-02 15:11:03,502 INFO 
2025-07-02 15:32:57,922 INFO 
2025-07-02 15:33:57,194 INFO 
2025-07-02 15:33:57,196 WARNING Unauthorized: /api/transcribe-audio/
2025-07-02 15:33:57,230 INFO 
2025-07-02 15:34:00,573 INFO 
2025-07-02 15:35:05,404 INFO 
2025-07-02 15:36:42,550 INFO 
2025-07-02 15:36:42,553 WARNING Unauthorized: /api/transcribe-audio/
2025-07-02 15:36:42,636 INFO 
2025-07-02 15:36:47,340 INFO 
2025-07-02 15:40:10,190 INFO 
2025-07-02 15:42:30,553 INFO 
2025-07-02 15:42:30,553 WARNING Unauthorized: /api/transcribe-audio/
2025-07-02 15:42:30,586 INFO 
2025-07-02 15:42:36,875 INFO 
2025-07-02 15:50:09,789 INFO 
2025-07-02 15:51:21,211 INFO 
2025-07-02 15:51:21,211 WARNING Unauthorized: /api/transcribe-audio/
2025-07-02 15:51:21,243 INFO 
2025-07-02 15:51:25,594 INFO 
2025-07-02 16:02:52,122 INFO 
2025-07-02 16:03:48,129 INFO 
2025-07-02 16:03:51,572 INFO 
2025-07-02 16:04:40,363 INFO 
2025-07-02 16:04:40,364 WARNING Unauthorized: /api/transcribe-audio/
2025-07-02 16:04:40,397 INFO 
2025-07-02 16:04:43,158 INFO 
2025-07-02 16:04:45,842 INFO 
2025-07-02 16:05:24,912 INFO 
2025-07-02 16:05:47,928 INFO 
2025-07-02 16:06:21,594 INFO 
2025-07-02 16:06:21,594 WARNING Unauthorized: /api/transcribe-audio/
2025-07-02 16:06:21,632 INFO 
2025-07-02 16:06:24,148 INFO 
2025-07-02 16:06:26,922 INFO 
2025-07-02 16:07:22,830 INFO 
2025-07-02 16:07:22,974 INFO 
2025-07-02 16:07:22,975 WARNING Unauthorized: /api/chat/
2025-07-02 16:07:23,005 INFO 
2025-07-02 16:07:26,536 INFO 
2025-07-02 16:08:28,601 INFO 
2025-07-02 16:08:28,601 WARNING Unauthorized: /api/transcribe-audio/
2025-07-02 16:08:28,633 INFO 
2025-07-02 16:08:32,079 INFO 
2025-07-02 16:08:34,778 INFO 
2025-07-02 16:09:27,615 INFO 
2025-07-02 16:09:30,887 INFO 
2025-07-02 16:09:57,601 INFO 
2025-07-02 16:10:14,498 INFO 
2025-07-02 16:11:25,505 INFO 
2025-07-02 16:11:25,505 WARNING Unauthorized: /api/transcribe-audio/
2025-07-02 16:11:25,536 INFO 
2025-07-02 16:11:30,189 INFO 
2025-07-02 16:11:33,302 INFO 
2025-07-02 16:12:33,548 INFO 
2025-07-02 16:12:33,548 WARNING Unauthorized: /api/transcribe-audio/
2025-07-02 16:12:33,579 INFO 
2025-07-02 16:12:36,333 INFO 
2025-07-02 16:12:38,666 INFO 
2025-07-02 16:13:15,685 INFO 
2025-07-02 16:13:18,272 INFO 
2025-07-02 16:13:31,542 INFO 
2025-07-02 16:13:31,543 WARNING Unauthorized: /api/chat-history/
2025-07-02 16:13:37,718 INFO 
2025-07-02 16:13:57,142 INFO 
2025-07-02 16:16:07,881 INFO 
2025-07-02 16:30:09,444 INFO 
2025-07-02 16:35:53,937 INFO 
2025-07-02 16:37:40,076 INFO 
2025-07-02 16:43:00,124 INFO 
2025-07-02 16:51:29,176 INFO 
2025-07-02 16:58:18,668 INFO 
2025-07-02 17:09:39,660 INFO 
2025-07-03 10:43:10,207 INFO 
2025-07-03 10:46:49,616 INFO 
2025-07-03 10:47:58,268 INFO 
2025-07-03 10:49:16,463 INFO 
2025-07-03 10:55:25,179 INFO 
2025-07-03 10:56:48,799 INFO 
2025-07-03 11:11:41,687 INFO 
2025-07-03 11:21:15,036 INFO 
2025-07-03 11:31:42,901 INFO 
2025-07-03 13:31:21,587 INFO 
2025-07-03 13:33:58,996 INFO 
2025-07-03 13:37:54,124 INFO 
2025-07-03 13:40:29,564 INFO 
2025-07-03 13:43:04,724 INFO 
2025-07-03 13:46:20,963 INFO 
2025-07-03 13:47:59,127 INFO 
2025-07-03 13:51:25,895 INFO 
2025-07-03 13:59:17,276 INFO 
2025-07-03 14:42:47,931 INFO 
2025-07-03 14:56:04,617 INFO 
2025-07-03 14:57:07,804 INFO 
2025-07-03 15:15:37,542 INFO 
2025-07-03 15:27:55,893 INFO 
2025-07-03 15:37:54,558 INFO 
2025-07-03 15:40:53,637 INFO 
2025-07-03 15:48:01,948 INFO 
2025-07-03 15:58:58,426 INFO 
2025-07-03 23:59:07,592 INFO 
2025-07-04 00:31:22,939 INFO 
2025-07-04 00:39:04,633 INFO 
2025-07-04 00:40:50,496 INFO 
2025-07-04 00:46:40,913 INFO 
2025-07-04 17:40:41,149 INFO 
2025-07-04 17:43:07,773 INFO 
2025-07-04 17:43:07,773 WARNING Unauthorized: /api/transcribe-audio/
2025-07-04 17:43:07,806 INFO 
2025-07-04 17:43:11,263 INFO 
2025-07-04 17:43:13,909 INFO 
2025-07-04 17:44:04,459 INFO 
2025-07-04 17:44:09,321 INFO 
2025-07-04 17:48:25,522 INFO 
2025-07-04 17:48:25,522 WARNING Unauthorized: /api/transcribe-audio/
2025-07-04 17:48:25,556 INFO 
2025-07-04 17:48:34,340 INFO 
2025-07-04 17:48:37,939 INFO 
2025-07-06 02:48:32,358 INFO 
2025-07-06 02:49:21,185 INFO 
2025-07-06 02:49:21,185 WARNING Method Not Allowed: /api/transcribe-audio/
2025-07-06 02:49:50,726 INFO 
2025-07-06 02:50:21,142 INFO 
2025-07-06 02:51:06,147 INFO 
2025-07-06 02:51:49,044 INFO 
2025-07-06 02:51:49,045 WARNING Unauthorized: /api/transcribe-audio/
2025-07-06 02:51:55,541 INFO 
2025-07-06 02:52:36,270 INFO 
2025-07-06 02:53:50,742 INFO 
2025-07-06 02:54:32,694 INFO 
2025-07-06 02:56:02,196 INFO 
2025-07-06 03:33:35,097 INFO 
2025-07-06 03:34:41,345 INFO 
2025-07-06 03:35:42,358 INFO 
2025-07-06 03:37:11,670 INFO 
2025-07-06 03:37:47,218 INFO 
2025-07-06 03:38:45,010 INFO 
2025-07-06 03:39:49,099 INFO 
2025-07-06 03:42:13,683 INFO 
2025-07-06 03:42:45,431 INFO 
2025-07-06 03:42:59,043 INFO 
2025-07-06 03:43:06,620 INFO 
2025-07-06 03:43:16,106 INFO 
2025-07-06 03:43:16,107 WARNING Unauthorized: /api/transcribe-audio/
2025-07-06 03:43:17,916 INFO 
2025-07-06 03:43:17,916 WARNING Unauthorized: /api/transcribe-audio/
2025-07-06 03:43:18,665 INFO 
2025-07-06 03:43:18,666 WARNING Unauthorized: /api/transcribe-audio/
2025-07-06 03:43:24,295 INFO 
2025-07-06 03:44:02,980 INFO 
2025-07-06 03:44:58,995 INFO 
2025-07-06 03:45:24,610 INFO 
2025-07-06 03:45:24,610 WARNING Unauthorized: /api/transcribe-audio/
2025-07-06 03:45:27,003 INFO 
2025-07-06 03:45:27,003 WARNING Unauthorized: /api/transcribe-audio/
2025-07-06 03:45:27,717 INFO 
2025-07-06 03:45:27,718 WARNING Unauthorized: /api/transcribe-audio/
2025-07-06 03:46:00,005 INFO 
2025-07-06 03:48:49,107 INFO 
2025-07-06 03:49:32,701 INFO 
2025-07-06 03:50:12,398 INFO 
2025-07-06 03:50:12,399 WARNING Unauthorized: /api/transcribe-audio/
2025-07-06 03:50:16,065 INFO 
2025-07-06 03:50:54,867 INFO 
2025-07-06 03:51:38,625 INFO 
2025-07-06 03:52:12,507 INFO 
2025-07-06 03:53:11,108 INFO 
2025-07-06 03:53:11,109 WARNING Unauthorized: /api/transcribe-audio/
2025-07-06 03:53:13,937 INFO 
2025-07-06 03:53:37,494 INFO 
2025-07-06 03:54:54,431 INFO 
2025-07-06 04:00:51,709 INFO 
2025-07-06 04:01:14,942 INFO 
2025-07-06 04:01:14,942 ERROR Internal Server Error: /api/transcribe-audio/
2025-07-06 04:01:25,501 INFO 
2025-07-06 04:01:25,502 ERROR Internal Server Error: /api/transcribe-audio/
2025-07-06 04:01:46,708 INFO 
2025-07-06 04:01:46,709 ERROR Internal Server Error: /api/transcribe-audio/
2025-07-06 04:01:47,798 INFO 
2025-07-06 04:01:47,799 ERROR Internal Server Error: /api/transcribe-audio/
2025-07-06 04:03:15,666 INFO 
2025-07-06 04:03:25,895 INFO 
2025-07-06 04:03:25,896 ERROR Internal Server Error: /api/transcribe-audio/
2025-07-06 04:05:37,137 INFO 
2025-07-06 04:06:42,730 INFO 
2025-07-06 04:07:21,697 INFO 
2025-07-06 04:09:44,223 INFO 
2025-07-06 04:22:03,994 INFO 
2025-07-06 04:22:40,352 INFO 
2025-07-06 04:23:22,600 INFO 
2025-07-06 04:24:05,129 INFO 
2025-07-07 11:06:23,377 INFO 
2025-07-07 11:07:22,826 INFO 
2025-07-07 11:07:28,978 INFO 
2025-07-08 03:54:27,767 INFO 
2025-07-08 03:57:40,274 INFO 
2025-07-08 03:57:40,274 WARNING Unauthorized: /api/transcribe-audio/
2025-07-08 03:57:40,313 INFO 
2025-07-08 03:57:43,406 INFO 
2025-07-08 03:57:46,305 INFO 
